  fluids.c
D:\GRAPHICS LAB DRAFT\Smoke\fluids.c(573): warning C4996: 'gcvt': The POSIX name for this item is deprecated. Instead, use the ISO C and C++ conformant name: _gcvt. See online help for details.
  C:\Program Files (x86)\Windows Kits\10\Include\10.0.17763.0\ucrt\stdlib.h(1316): note: see declaration of 'gcvt'
D:\GRAPHICS LAB DRAFT\Smoke\fluids.c(579): warning C4996: 'gcvt': The POSIX name for this item is deprecated. Instead, use the ISO C and C++ conformant name: _gcvt. See online help for details.
  C:\Program Files (x86)\Windows Kits\10\Include\10.0.17763.0\ucrt\stdlib.h(1316): note: see declaration of 'gcvt'
D:\GRAPHICS LAB DRAFT\Smoke\fluids.c(585): warning C4996: 'gcvt': The POSIX name for this item is deprecated. Instead, use the ISO C and C++ conformant name: _gcvt. See online help for details.
  C:\Program Files (x86)\Windows Kits\10\Include\10.0.17763.0\ucrt\stdlib.h(1316): note: see declaration of 'gcvt'
D:\GRAPHICS LAB DRAFT\Smoke\fluids.c(591): warning C4996: 'gcvt': The POSIX name for this item is deprecated. Instead, use the ISO C and C++ conformant name: _gcvt. See online help for details.
  C:\Program Files (x86)\Windows Kits\10\Include\10.0.17763.0\ucrt\stdlib.h(1316): note: see declaration of 'gcvt'
D:\GRAPHICS LAB DRAFT\Smoke\fluids.c(607): warning C4996: 'gcvt': The POSIX name for this item is deprecated. Instead, use the ISO C and C++ conformant name: _gcvt. See online help for details.
  C:\Program Files (x86)\Windows Kits\10\Include\10.0.17763.0\ucrt\stdlib.h(1316): note: see declaration of 'gcvt'
D:\GRAPHICS LAB DRAFT\Smoke\fluids.c(613): warning C4996: 'gcvt': The POSIX name for this item is deprecated. Instead, use the ISO C and C++ conformant name: _gcvt. See online help for details.
  C:\Program Files (x86)\Windows Kits\10\Include\10.0.17763.0\ucrt\stdlib.h(1316): note: see declaration of 'gcvt'
D:\GRAPHICS LAB DRAFT\Smoke\fluids.c(619): warning C4996: 'gcvt': The POSIX name for this item is deprecated. Instead, use the ISO C and C++ conformant name: _gcvt. See online help for details.
  C:\Program Files (x86)\Windows Kits\10\Include\10.0.17763.0\ucrt\stdlib.h(1316): note: see declaration of 'gcvt'
D:\GRAPHICS LAB DRAFT\Smoke\fluids.c(625): warning C4996: 'gcvt': The POSIX name for this item is deprecated. Instead, use the ISO C and C++ conformant name: _gcvt. See online help for details.
  C:\Program Files (x86)\Windows Kits\10\Include\10.0.17763.0\ucrt\stdlib.h(1316): note: see declaration of 'gcvt'
D:\GRAPHICS LAB DRAFT\Smoke\fluids.c(631): warning C4996: 'gcvt': The POSIX name for this item is deprecated. Instead, use the ISO C and C++ conformant name: _gcvt. See online help for details.
  C:\Program Files (x86)\Windows Kits\10\Include\10.0.17763.0\ucrt\stdlib.h(1316): note: see declaration of 'gcvt'
D:\GRAPHICS LAB DRAFT\Smoke\fluids.c(637): warning C4996: 'gcvt': The POSIX name for this item is deprecated. Instead, use the ISO C and C++ conformant name: _gcvt. See online help for details.
  C:\Program Files (x86)\Windows Kits\10\Include\10.0.17763.0\ucrt\stdlib.h(1316): note: see declaration of 'gcvt'
D:\GRAPHICS LAB DRAFT\Smoke\fluids.c(643): warning C4996: 'gcvt': The POSIX name for this item is deprecated. Instead, use the ISO C and C++ conformant name: _gcvt. See online help for details.
  C:\Program Files (x86)\Windows Kits\10\Include\10.0.17763.0\ucrt\stdlib.h(1316): note: see declaration of 'gcvt'
D:\GRAPHICS LAB DRAFT\Smoke\fluids.c(649): warning C4996: 'gcvt': The POSIX name for this item is deprecated. Instead, use the ISO C and C++ conformant name: _gcvt. See online help for details.
  C:\Program Files (x86)\Windows Kits\10\Include\10.0.17763.0\ucrt\stdlib.h(1316): note: see declaration of 'gcvt'
  Generating code
  2 of 248 functions ( 0.8%) were compiled, the rest were copied from previous compilation.
    0 functions were new in current compilation
    1 functions had inline decision re-evaluated but remain unchanged
  Finished generating code
  Smoke.vcxproj -> D:\GRAPHICS LAB DRAFT\Smoke\Release\Smoke.exe
